<?xml version="1.0" encoding="UTF-8"?>
<!-- Generated by org.testng.reporters.JUnitXMLReporter -->
<testsuite hostname="DESKTOP-250U10H" ignored="2" name="Test" tests="5" failures="0" timestamp="04 Dec 2019 23:41:26 GMT" time="66.938" errors="0">
  <testcase name="transferfunds" time="14.787" classname="testcases.Testcase_Transferfunds"/>
  <testcase name="validateAddPayee" time="14.159" classname="testcases.Testcase_AddPAyee"/>
  <testcase name="login" time="12.718" classname="testcases.Testcase_Login"/>
  <testcase name="login" time="12.002" classname="testcases.Testcase_Login"/>
  <testcase name="login" time="11.812" classname="testcases.Testcase_Login"/>
  <testcase name="@AfterTest quitBrowser" time="0.0" classname="base.Page">
    <ignored/>
  </testcase> <!-- @AfterTest quitBrowser -->
  <testcase name="@AfterTest quitBrowser" time="0.0" classname="base.Page">
    <ignored/>
  </testcase> <!-- @AfterTest quitBrowser -->
</testsuite> <!-- Test -->
